<?xml version="1.0" encoding="UTF-8"?>
<!-- Generated by org.testng.reporters.JUnitReportReporter -->
<testsuite hostname="DESKTOP-4NN05EM" failures="0" tests="1" name="selenium_project.practice" time="2.850" errors="0" timestamp="2023-04-22T16:25:36 IST" skipped="0">
  <testcase classname="selenium_project.practice" name="verifylogin" time="2.850"/>
  <system-out>
    <![CDATA[login fail::: dashboard <<stock accounting  Dashboard « Stock Accounting]]>
  </system-out>
</testsuite> <!-- selenium_project.practice -->
